<?xml version="1.0" encoding="UTF-8"?>
<testng-results ignored="0" total="5" passed="4" failed="1" skipped="0">
  <reporter-output>
  </reporter-output>
  <suite started-at="2024-10-29T16:45:53 IST" name="Default suite" finished-at="2024-10-29T16:47:09 IST" duration-ms="75971">
    <groups>
    </groups>
    <test started-at="2024-10-29T16:45:53 IST" name="Default test" finished-at="2024-10-29T16:47:09 IST" duration-ms="75971">
      <class name="Testfinalpage.TestCustodianPage">
        <test-method is-config="true" signature="setup()[pri:0, instance:Testfinalpage.TestCustodianPage@491b9b8]" started-at="2024-10-29T16:45:53 IST" name="setup" finished-at="2024-10-29T16:46:02 IST" duration-ms="9239" status="PASS">
          <reporter-output>
          </reporter-output>
        </test-method> <!-- setup -->
        <test-method signature="testpages()[pri:1, instance:Testfinalpage.TestCustodianPage@491b9b8]" started-at="2024-10-29T16:46:03 IST" name="testpages" finished-at="2024-10-29T16:46:47 IST" duration-ms="44867" status="PASS">
          <reporter-output>
          </reporter-output>
        </test-method> <!-- testpages -->
        <test-method signature="testcustodianreg()[pri:2, instance:Testfinalpage.TestCustodianPage@491b9b8]" started-at="2024-10-29T16:46:47 IST" name="testcustodianreg" finished-at="2024-10-29T16:46:55 IST" duration-ms="7399" status="PASS">
          <reporter-output>
          </reporter-output>
        </test-method> <!-- testcustodianreg -->
        <test-method signature="testcustodianresponsefile()[pri:3, instance:Testfinalpage.TestCustodianPage@491b9b8]" started-at="2024-10-29T16:46:55 IST" name="testcustodianresponsefile" finished-at="2024-10-29T16:46:58 IST" duration-ms="3144" status="PASS">
          <reporter-output>
          </reporter-output>
        </test-method> <!-- testcustodianresponsefile -->
        <test-method signature="testcustodianvotefile()[pri:4, instance:Testfinalpage.TestCustodianPage@491b9b8]" started-at="2024-10-29T16:46:58 IST" name="testcustodianvotefile" finished-at="2024-10-29T16:47:03 IST" duration-ms="4996" status="PASS">
          <reporter-output>
          </reporter-output>
        </test-method> <!-- testcustodianvotefile -->
        <test-method signature="testcustodianvoteresponsefile()[pri:5, instance:Testfinalpage.TestCustodianPage@491b9b8]" started-at="2024-10-29T16:47:03 IST" name="testcustodianvoteresponsefile" finished-at="2024-10-29T16:47:09 IST" duration-ms="6094" status="FAIL">
          <exception class="org.openqa.selenium.NoSuchElementException">
            <message>
              <![CDATA[no such element: Unable to locate element: {"method":"xpath","selector":"//body[1]/table[1]/tbody[1]/tr[3]/td[1]/table[2]/tbody[1]/tr[1]/td[7]/a"}
  (Session info: chrome=130.0.6723.70)
For documentation on this error, please visit: https://www.selenium.dev/documentation/webdriver/troubleshooting/errors#no-such-element-exception
Build info: version: '4.17.0', revision: 'e52b1be057*'
System info: os.name: 'Windows 10', os.arch: 'amd64', os.version: '10.0', java.version: '11.0.11'
Driver info: org.openqa.selenium.chrome.ChromeDriver
Command: [26a3397b190cbe1a7a6d948fd570e3f2, findElement {value=//body[1]/table[1]/tbody[1]/tr[3]/td[1]/table[2]/tbody[1]/tr[1]/td[7]/a, using=xpath}]
Capabilities {acceptInsecureCerts: true, browserName: chrome, browserVersion: 130.0.6723.70, chrome: {chromedriverVersion: 130.0.6723.69 (3ec172b971b9..., userDataDir: C:\Users\Pinkeshc\AppData\L...}, fedcm:accounts: true, goog:chromeOptions: {debuggerAddress: localhost:50052}, networkConnectionEnabled: false, pageLoadStrategy: normal, platformName: windows, proxy: Proxy(), se:cdp: ws://localhost:50052/devtoo..., se:cdpVersion: 130.0.6723.70, setWindowRect: true, strictFileInteractability: false, timeouts: {implicit: 0, pageLoad: 300000, script: 30000}, unhandledPromptBehavior: dismiss and notify, webauthn:extension:credBlob: true, webauthn:extension:largeBlob: true, webauthn:extension:minPinLength: true, webauthn:extension:prf: true, webauthn:virtualAuthenticators: true}
Session ID: 26a3397b190cbe1a7a6d948fd570e3f2]]>
            </message>
            <full-stacktrace>
              <![CDATA[org.openqa.selenium.NoSuchElementException: no such element: Unable to locate element: {"method":"xpath","selector":"//body[1]/table[1]/tbody[1]/tr[3]/td[1]/table[2]/tbody[1]/tr[1]/td[7]/a"}
  (Session info: chrome=130.0.6723.70)
For documentation on this error, please visit: https://www.selenium.dev/documentation/webdriver/troubleshooting/errors#no-such-element-exception
Build info: version: '4.17.0', revision: 'e52b1be057*'
System info: os.name: 'Windows 10', os.arch: 'amd64', os.version: '10.0', java.version: '11.0.11'
Driver info: org.openqa.selenium.chrome.ChromeDriver
Command: [26a3397b190cbe1a7a6d948fd570e3f2, findElement {value=//body[1]/table[1]/tbody[1]/tr[3]/td[1]/table[2]/tbody[1]/tr[1]/td[7]/a, using=xpath}]
Capabilities {acceptInsecureCerts: true, browserName: chrome, browserVersion: 130.0.6723.70, chrome: {chromedriverVersion: 130.0.6723.69 (3ec172b971b9..., userDataDir: C:\Users\Pinkeshc\AppData\L...}, fedcm:accounts: true, goog:chromeOptions: {debuggerAddress: localhost:50052}, networkConnectionEnabled: false, pageLoadStrategy: normal, platformName: windows, proxy: Proxy(), se:cdp: ws://localhost:50052/devtoo..., se:cdpVersion: 130.0.6723.70, setWindowRect: true, strictFileInteractability: false, timeouts: {implicit: 0, pageLoad: 300000, script: 30000}, unhandledPromptBehavior: dismiss and notify, webauthn:extension:credBlob: true, webauthn:extension:largeBlob: true, webauthn:extension:minPinLength: true, webauthn:extension:prf: true, webauthn:virtualAuthenticators: true}
Session ID: 26a3397b190cbe1a7a6d948fd570e3f2
at java.base/jdk.internal.reflect.NativeConstructorAccessorImpl.newInstance0(Native Method)
at java.base/jdk.internal.reflect.NativeConstructorAccessorImpl.newInstance(Unknown Source)
at java.base/jdk.internal.reflect.DelegatingConstructorAccessorImpl.newInstance(Unknown Source)
at java.base/java.lang.reflect.Constructor.newInstance(Unknown Source)
at org.openqa.selenium.remote.codec.w3c.W3CHttpResponseCodec.createException(W3CHttpResponseCodec.java:185)
at org.openqa.selenium.remote.codec.w3c.W3CHttpResponseCodec.decode(W3CHttpResponseCodec.java:134)
at org.openqa.selenium.remote.codec.w3c.W3CHttpResponseCodec.decode(W3CHttpResponseCodec.java:51)
at org.openqa.selenium.remote.HttpCommandExecutor.execute(HttpCommandExecutor.java:190)
at org.openqa.selenium.remote.service.DriverCommandExecutor.invokeExecute(DriverCommandExecutor.java:216)
at org.openqa.selenium.remote.service.DriverCommandExecutor.execute(DriverCommandExecutor.java:174)
at org.openqa.selenium.remote.RemoteWebDriver.execute(RemoteWebDriver.java:519)
at org.openqa.selenium.remote.ElementLocation$ElementFinder$2.findElement(ElementLocation.java:165)
at org.openqa.selenium.remote.ElementLocation.findElement(ElementLocation.java:59)
at org.openqa.selenium.remote.RemoteWebDriver.findElement(RemoteWebDriver.java:356)
at org.openqa.selenium.remote.RemoteWebDriver.findElement(RemoteWebDriver.java:350)
at custodian.custodianmodule.downloadVoteResponsefile(custodianmodule.java:85)
at Testfinalpage.TestCustodianPage.testcustodianvoteresponsefile(TestCustodianPage.java:66)
at java.base/jdk.internal.reflect.NativeMethodAccessorImpl.invoke0(Native Method)
at java.base/jdk.internal.reflect.NativeMethodAccessorImpl.invoke(Unknown Source)
at java.base/jdk.internal.reflect.DelegatingMethodAccessorImpl.invoke(Unknown Source)
at java.base/java.lang.reflect.Method.invoke(Unknown Source)
at org.testng.internal.invokers.MethodInvocationHelper.invokeMethod(MethodInvocationHelper.java:139)
at org.testng.internal.invokers.TestInvoker.invokeMethod(TestInvoker.java:664)
at org.testng.internal.invokers.TestInvoker.invokeTestMethod(TestInvoker.java:228)
at org.testng.internal.invokers.MethodRunner.runInSequence(MethodRunner.java:63)
at org.testng.internal.invokers.TestInvoker$MethodInvocationAgent.invoke(TestInvoker.java:961)
at org.testng.internal.invokers.TestInvoker.invokeTestMethods(TestInvoker.java:201)
at org.testng.internal.invokers.TestMethodWorker.invokeTestMethods(TestMethodWorker.java:148)
at org.testng.internal.invokers.TestMethodWorker.run(TestMethodWorker.java:128)
at java.base/java.util.ArrayList.forEach(Unknown Source)
at org.testng.TestRunner.privateRun(TestRunner.java:819)
at org.testng.TestRunner.run(TestRunner.java:619)
at org.testng.SuiteRunner.runTest(SuiteRunner.java:443)
at org.testng.SuiteRunner.runSequentially(SuiteRunner.java:437)
at org.testng.SuiteRunner.privateRun(SuiteRunner.java:397)
at org.testng.SuiteRunner.run(SuiteRunner.java:336)
at org.testng.SuiteRunnerWorker.runSuite(SuiteRunnerWorker.java:52)
at org.testng.SuiteRunnerWorker.run(SuiteRunnerWorker.java:95)
at org.testng.TestNG.runSuitesSequentially(TestNG.java:1301)
at org.testng.TestNG.runSuitesLocally(TestNG.java:1228)
at org.testng.TestNG.runSuites(TestNG.java:1134)
at org.testng.TestNG.run(TestNG.java:1101)
at org.testng.remote.AbstractRemoteTestNG.run(AbstractRemoteTestNG.java:115)
at org.testng.remote.RemoteTestNG.initAndRun(RemoteTestNG.java:251)
at org.testng.remote.RemoteTestNG.main(RemoteTestNG.java:77)
]]>
            </full-stacktrace>
          </exception> <!-- org.openqa.selenium.NoSuchElementException -->
          <reporter-output>
          </reporter-output>
        </test-method> <!-- testcustodianvoteresponsefile -->
        <test-method is-config="true" signature="TearDown()[pri:0, instance:Testfinalpage.TestCustodianPage@491b9b8]" started-at="2024-10-29T16:47:09 IST" name="TearDown" finished-at="2024-10-29T16:47:09 IST" duration-ms="176" status="PASS">
          <reporter-output>
          </reporter-output>
        </test-method> <!-- TearDown -->
      </class> <!-- Testfinalpage.TestCustodianPage -->
    </test> <!-- Default test -->
  </suite> <!-- Default suite -->
</testng-results>
